/home/stats/stubxk/scoreenv/bin/python: error while loading shared libraries: libpython3.11.so.1.0: cannot open shared object file: No such file or directory
srun: error: gpu007: task 0: Exited with exit code 127
srun: launch/slurm: _step_signal: Terminating StepId=1509788.0
