Traceback (most recent call last):
  File "/gpfs/home/stats/stubxk/Probabilistic_Scorecard/ScoreCardWeather.py", line 3, in <module>
    import xarray as xr
  File "/home/stats/stubxk/scoreenv/lib/python3.11/site-packages/xarray/__init__.py", line 3, in <module>
    from xarray import coders, groupers, testing, tutorial, ufuncs
  File "/home/stats/stubxk/scoreenv/lib/python3.11/site-packages/xarray/coders.py", line 6, in <module>
    from xarray.coding.times import CFDatetimeCoder, CFTimedeltaCoder
  File "/home/stats/stubxk/scoreenv/lib/python3.11/site-packages/xarray/coding/times.py", line 15, in <module>
    from xarray.coding.common import (
  File "/home/stats/stubxk/scoreenv/lib/python3.11/site-packages/xarray/coding/common.py", line 9, in <module>
    from xarray.core.variable import Variable
  File "/home/stats/stubxk/scoreenv/lib/python3.11/site-packages/xarray/core/variable.py", line 69, in <module>
    pd.arrays.NumpyExtensionArray,  # type: ignore[attr-defined]
    ^^^^^^^^^^^^^^^^^^^^^^^^^^^^^
AttributeError: module 'pandas.arrays' has no attribute 'NumpyExtensionArray'. Did you mean: 'ArrowExtensionArray'?
srun: error: gpu009: task 0: Exited with exit code 1
srun: launch/slurm: _step_signal: Terminating StepId=1509665.0
